This file contains any messages produced by compilers while
running configure, to aid debugging if configure makes a mistake.

It was created by configure, which was
generated by GNU Autoconf 2.68.  Invocation command line was

  $ ./configure --prefix=/usr

## --------- ##
## Platform. ##
## --------- ##

hostname = cnfi01
uname -m = i686
uname -r = 3.13.0-32-generic
uname -s = Linux
uname -v = #57~precise1-Ubuntu SMP Tue Jul 15 03:50:54 UTC 2014

/usr/bin/uname -p = unknown
/bin/uname -X     = unknown

/bin/arch              = unknown
/usr/bin/arch -k       = unknown
/usr/convex/getsysinfo = unknown
/usr/bin/hostinfo      = unknown
/bin/machine           = unknown
/usr/bin/oslevel       = unknown
/bin/universe          = unknown

PATH: /usr/lib/lightdm/lightdm
PATH: /usr/local/sbin
PATH: /usr/local/bin
PATH: /usr/sbin
PATH: /usr/bin
PATH: /sbin
PATH: /bin
PATH: /usr/games


## ----------- ##
## Core tests. ##
## ----------- ##

configure:2582: checking build system type
configure:2596: result: i686-pc-linux-gnu
configure:2616: checking host system type
configure:2629: result: i686-pc-linux-gnu
configure:2649: checking target system type
configure:2662: result: i686-pc-linux-gnu
configure:2721: checking for a BSD-compatible install
configure:2789: result: /usr/bin/install -c
configure:2804: checking for -p flag to install
configure:2817: result: yes
configure:2828: checking whether build environment is sane
configure:2878: result: yes
configure:3009: checking for a thread-safe mkdir -p
configure:3048: result: /bin/mkdir -p
configure:3061: checking for gawk
configure:3091: result: no
configure:3061: checking for mawk
configure:3077: found /usr/bin/mawk
configure:3088: result: mawk
configure:3099: checking whether make sets $(MAKE)
configure:3121: result: yes
configure:3247: checking for style of include used by make
configure:3275: result: GNU
configure:3410: checking for C++ compiler version
configure:3419: g++-3.4 --version >&5
g++-3.4 (GCC) 3.4.6 (Debian 3.4.6-5)
Copyright (C) 2006 Free Software Foundation, Inc.
This is free software; see the source for copying conditions.  There is NO
warranty; not even for MERCHANTABILITY or FITNESS FOR A PARTICULAR PURPOSE.

configure:3430: $? = 0
configure:3419: g++-3.4 -v >&5
Reading specs from /usr/lib/gcc/i486-linux-gnu/3.4.6/specs
Configured with: ../src/configure -v --enable-languages=c,c++,f77,pascal --prefix=/usr --libexecdir=/usr/lib --with-gxx-include-dir=/usr/include/c++/3.4 --enable-shared --with-system-zlib --enable-nls --without-included-gettext --program-suffix=-3.4 --enable-__cxa_atexit --enable-clocale=gnu --enable-libstdcxx-debug --with-tune=i686 i486-linux-gnu
Thread model: posix
gcc version 3.4.6 (Debian 3.4.6-5)
configure:3430: $? = 0
configure:3419: g++-3.4 -V >&5
g++-3.4: `-V' option must have argument
configure:3430: $? = 1
configure:3419: g++-3.4 -qversion >&5
g++-3.4: unrecognized option `-qversion'
g++-3.4: no input files
configure:3430: $? = 1
configure:3434: checking whether we are using the GNU C++ compiler
configure:3453: g++-3.4 -c   conftest.cpp >&5
configure:3453: $? = 0
configure: failed program was:
| /* confdefs.h */
| #define PACKAGE_NAME ""
| #define PACKAGE_TARNAME ""
| #define PACKAGE_VERSION ""
| #define PACKAGE_STRING ""
| #define PACKAGE_BUGREPORT ""
| #define PACKAGE_URL ""
| #define PACKAGE "fltkclient"
| #define VERSION "0.1"
| /* end confdefs.h.  */
| 
| int
| main ()
| {
| #ifndef __GNUC__
|        choke me
| #endif
| 
|   ;
|   return 0;
| }
configure:3462: result: no
configure:3471: checking whether g++-3.4 accepts -g
configure:3491: g++-3.4 -c -g  conftest.cpp >&5
configure:3491: $? = 0
configure: failed program was:
| /* confdefs.h */
| #define PACKAGE_NAME ""
| #define PACKAGE_TARNAME ""
| #define PACKAGE_VERSION ""
| #define PACKAGE_STRING ""
| #define PACKAGE_BUGREPORT ""
| #define PACKAGE_URL ""
| #define PACKAGE "fltkclient"
| #define VERSION "0.1"
| /* end confdefs.h.  */
| 
| int
| main ()
| {
| 
|   ;
|   return 0;
| }
configure:3506: g++-3.4 -c   conftest.cpp >&5
configure:3506: $? = 0
configure: failed program was:
| /* confdefs.h */
| #define PACKAGE_NAME ""
| #define PACKAGE_TARNAME ""
| #define PACKAGE_VERSION ""
| #define PACKAGE_STRING ""
| #define PACKAGE_BUGREPORT ""
| #define PACKAGE_URL ""
| #define PACKAGE "fltkclient"
| #define VERSION "0.1"
| /* end confdefs.h.  */
| 
| int
| main ()
| {
| 
|   ;
|   return 0;
| }
configure:3522: g++-3.4 -c -g  conftest.cpp >&5
configure:3522: $? = 0
configure: failed program was:
| /* confdefs.h */
| #define PACKAGE_NAME ""
| #define PACKAGE_TARNAME ""
| #define PACKAGE_VERSION ""
| #define PACKAGE_STRING ""
| #define PACKAGE_BUGREPORT ""
| #define PACKAGE_URL ""
| #define PACKAGE "fltkclient"
| #define VERSION "0.1"
| /* end confdefs.h.  */
| 
| int
| main ()
| {
| 
|   ;
|   return 0;
| }
configure:3532: result: no
configure:3557: checking dependency style of g++-3.4
configure:3668: result: gcc3
configure:3807: checking for gcc
configure:3823: found /usr/bin/gcc
configure:3834: result: gcc
configure:4063: checking for C compiler version
configure:4072: gcc --version >&5
gcc (GCC) 3.4.6 (Debian 3.4.6-5)
Copyright (C) 2006 Free Software Foundation, Inc.
This is free software; see the source for copying conditions.  There is NO
warranty; not even for MERCHANTABILITY or FITNESS FOR A PARTICULAR PURPOSE.

configure:4083: $? = 0
configure:4072: gcc -v >&5
Reading specs from /usr/lib/gcc/i486-linux-gnu/3.4.6/specs
Configured with: ../src/configure -v --enable-languages=c,c++,f77,pascal --prefix=/usr --libexecdir=/usr/lib --with-gxx-include-dir=/usr/include/c++/3.4 --enable-shared --with-system-zlib --enable-nls --without-included-gettext --program-suffix=-3.4 --enable-__cxa_atexit --enable-clocale=gnu --enable-libstdcxx-debug --with-tune=i686 i486-linux-gnu
Thread model: posix
gcc version 3.4.6 (Debian 3.4.6-5)
configure:4083: $? = 0
configure:4072: gcc -V >&5
gcc: `-V' option must have argument
configure:4083: $? = 1
configure:4072: gcc -qversion >&5
gcc: unrecognized option `-qversion'
gcc: no input files
configure:4083: $? = 1
configure:4103: checking whether the C compiler works
configure:4125: gcc    -lfltk conftest.c  >&5
configure:4129: $? = 0
configure:4177: result: yes
configure:4180: checking for C compiler default output file name
configure:4182: result: a.out
configure:4188: checking for suffix of executables
configure:4195: gcc -o conftest    -lfltk conftest.c  >&5
configure:4199: $? = 0
configure:4221: result: 
configure:4243: checking whether we are cross compiling
configure:4251: gcc -o conftest    -lfltk conftest.c  >&5
configure:4255: $? = 0
configure:4262: ./conftest
configure:4266: $? = 0
configure:4281: result: no
configure:4286: checking for suffix of object files
configure:4308: gcc -c    conftest.c >&5
configure:4312: $? = 0
configure:4333: result: o
configure:4337: checking whether we are using the GNU C compiler
configure:4356: gcc -c    conftest.c >&5
configure:4356: $? = 0
configure:4365: result: yes
configure:4374: checking whether gcc accepts -g
configure:4394: gcc -c -g  conftest.c >&5
configure:4394: $? = 0
configure:4435: result: yes
configure:4452: checking for gcc option to accept ISO C89
configure:4516: gcc  -c    conftest.c >&5
configure:4516: $? = 0
configure:4529: result: none needed
configure:4551: checking dependency style of gcc
configure:4662: result: gcc3
configure:4683: checking how to run the C preprocessor
configure:4714: gcc -E  conftest.c
configure:4714: $? = 0
configure:4728: gcc -E  conftest.c
conftest.c:11:28: ac_nonexistent.h: No such file or directory
configure:4728: $? = 1
configure: failed program was:
| /* confdefs.h */
| #define PACKAGE_NAME ""
| #define PACKAGE_TARNAME ""
| #define PACKAGE_VERSION ""
| #define PACKAGE_STRING ""
| #define PACKAGE_BUGREPORT ""
| #define PACKAGE_URL ""
| #define PACKAGE "fltkclient"
| #define VERSION "0.1"
| /* end confdefs.h.  */
| #include <ac_nonexistent.h>
configure:4753: result: gcc -E
configure:4773: gcc -E  conftest.c
configure:4773: $? = 0
configure:4787: gcc -E  conftest.c
conftest.c:11:28: ac_nonexistent.h: No such file or directory
configure:4787: $? = 1
configure: failed program was:
| /* confdefs.h */
| #define PACKAGE_NAME ""
| #define PACKAGE_TARNAME ""
| #define PACKAGE_VERSION ""
| #define PACKAGE_STRING ""
| #define PACKAGE_BUGREPORT ""
| #define PACKAGE_URL ""
| #define PACKAGE "fltkclient"
| #define VERSION "0.1"
| /* end confdefs.h.  */
| #include <ac_nonexistent.h>
configure:4956: checking for C++ compiler version
configure:4965: g++-3.4 --version >&5
g++-3.4 (GCC) 3.4.6 (Debian 3.4.6-5)
Copyright (C) 2006 Free Software Foundation, Inc.
This is free software; see the source for copying conditions.  There is NO
warranty; not even for MERCHANTABILITY or FITNESS FOR A PARTICULAR PURPOSE.

configure:4976: $? = 0
configure:4965: g++-3.4 -v >&5
Reading specs from /usr/lib/gcc/i486-linux-gnu/3.4.6/specs
Configured with: ../src/configure -v --enable-languages=c,c++,f77,pascal --prefix=/usr --libexecdir=/usr/lib --with-gxx-include-dir=/usr/include/c++/3.4 --enable-shared --with-system-zlib --enable-nls --without-included-gettext --program-suffix=-3.4 --enable-__cxa_atexit --enable-clocale=gnu --enable-libstdcxx-debug --with-tune=i686 i486-linux-gnu
Thread model: posix
gcc version 3.4.6 (Debian 3.4.6-5)
configure:4976: $? = 0
configure:4965: g++-3.4 -V >&5
g++-3.4: `-V' option must have argument
configure:4976: $? = 1
configure:4965: g++-3.4 -qversion >&5
g++-3.4: unrecognized option `-qversion'
g++-3.4: no input files
configure:4976: $? = 1
configure:4980: checking whether we are using the GNU C++ compiler
configure:5008: result: no
configure:5017: checking whether g++-3.4 accepts -g
configure:5078: result: no
configure:5103: checking dependency style of g++-3.4
configure:5214: result: gcc3
configure:5448: checking whether g++-3.4 supports -Wundef
configure:5478: rm -rf SunWS_cache; g++-3.4 -o conftest -Wall -pedantic -W -Wpointer-arith -Wmissing-prototypes -Wwrite-strings -ansi -D_XOPEN_SOURCE=500 -D_BSD_SOURCE -Wcast-align -Wconversion   -Wundef  -lfltk conftest.cpp  1>&5
cc1plus: warning: command line option "-Wmissing-prototypes" is valid for C/ObjC/Pascal but not for C++
configure:5478: $? = 0
configure:5494: result: yes
configure:5506: checking whether g++-3.4 supports -Wno-long-long
configure:5536: rm -rf SunWS_cache; g++-3.4 -o conftest -Wundef -Wall -pedantic -W -Wpointer-arith -Wmissing-prototypes -Wwrite-strings -ansi -D_XOPEN_SOURCE=500 -D_BSD_SOURCE -Wcast-align -Wconversion   -Wno-long-long  -lfltk conftest.cpp  1>&5
cc1plus: warning: command line option "-Wmissing-prototypes" is valid for C/ObjC/Pascal but not for C++
configure:5536: $? = 0
configure:5552: result: yes
configure:5564: checking whether g++-3.4 supports -Wnon-virtual-dtor
configure:5594: rm -rf SunWS_cache; g++-3.4 -o conftest -Wno-long-long -Wundef -Wall -pedantic -W -Wpointer-arith -Wmissing-prototypes -Wwrite-strings -ansi -D_XOPEN_SOURCE=500 -D_BSD_SOURCE -Wcast-align -Wconversion   -Wnon-virtual-dtor  -lfltk conftest.cpp  1>&5
cc1plus: warning: command line option "-Wmissing-prototypes" is valid for C/ObjC/Pascal but not for C++
configure:5594: $? = 0
configure:5610: result: yes
configure:6271: checking how to run the C++ preprocessor
configure:6298: g++-3.4 -E  conftest.cpp
configure:6298: $? = 0
configure:6312: g++-3.4 -E  conftest.cpp
conftest.cpp:11:28: ac_nonexistent.h: No such file or directory
configure:6312: $? = 1
configure: failed program was:
| /* confdefs.h */
| #define PACKAGE_NAME ""
| #define PACKAGE_TARNAME ""
| #define PACKAGE_VERSION ""
| #define PACKAGE_STRING ""
| #define PACKAGE_BUGREPORT ""
| #define PACKAGE_URL ""
| #define PACKAGE "fltkclient"
| #define VERSION "0.1"
| /* end confdefs.h.  */
| #include <ac_nonexistent.h>
configure:6337: result: g++-3.4 -E
configure:6357: g++-3.4 -E  conftest.cpp
configure:6357: $? = 0
configure:6371: g++-3.4 -E  conftest.cpp
conftest.cpp:11:28: ac_nonexistent.h: No such file or directory
configure:6371: $? = 1
configure: failed program was:
| /* confdefs.h */
| #define PACKAGE_NAME ""
| #define PACKAGE_TARNAME ""
| #define PACKAGE_VERSION ""
| #define PACKAGE_STRING ""
| #define PACKAGE_BUGREPORT ""
| #define PACKAGE_URL ""
| #define PACKAGE "fltkclient"
| #define VERSION "0.1"
| /* end confdefs.h.  */
| #include <ac_nonexistent.h>
configure:6422: checking whether g++-3.4 supports -frepo
configure:6452: rm -rf SunWS_cache; g++-3.4 -o conftest -Wnon-virtual-dtor -Wno-long-long -Wundef -Wall -pedantic -W -Wpointer-arith -Wmissing-prototypes -Wwrite-strings -ansi -D_XOPEN_SOURCE=500 -D_BSD_SOURCE -Wcast-align -Wconversion -frepo  -lfltk conftest.cpp  1>&5
cc1plus: warning: command line option "-Wmissing-prototypes" is valid for C/ObjC/Pascal but not for C++
In file included from conftest.cpp:1:
<internal>:0: warning: -frepo must be used with -c
configure:6452: $? = 0
configure:6468: result: yes
configure:6660: result: not using lib directory suffix
configure:6714: checking for ld used by GCC
configure:6778: result: /usr/bin/ld
configure:6785: checking if the linker (/usr/bin/ld) is GNU ld
GNU ld (GNU Binutils for Ubuntu) 2.22
configure:6797: result: yes
configure:6802: checking for /usr/bin/ld option to reload object files
configure:6809: result: -r
configure:6818: checking for BSD-compatible nm
configure:6853: result: /usr/bin/nm -B
configure:6857: checking for a sed that does not truncate output
configure:6933: result: 
configure:6936: checking whether ln -s works
configure:6940: result: yes
configure:6947: checking how to recognise dependant libraries
configure:7134: result: pass_all
configure:7206: gcc -c -ansi -W -Wall -pedantic -Wshadow -Wpointer-arith -Wmissing-prototypes -Wwrite-strings -D_XOPEN_SOURCE=500 -D_BSD_SOURCE -O2    conftest.c >&5
configure:7209: $? = 0
configure:7277: checking for grep that handles long lines and -e
configure:7335: result: /bin/grep
configure:7340: checking for egrep
configure:7402: result: /bin/grep -E
configure:7407: checking for ANSI C header files
configure:7427: gcc -c -ansi -W -Wall -pedantic -Wshadow -Wpointer-arith -Wmissing-prototypes -Wwrite-strings -D_XOPEN_SOURCE=500 -D_BSD_SOURCE -O2    conftest.c >&5
configure:7427: $? = 0
configure:7500: gcc -o conftest -ansi -W -Wall -pedantic -Wshadow -Wpointer-arith -Wmissing-prototypes -Wwrite-strings -D_XOPEN_SOURCE=500 -D_BSD_SOURCE -O2    -lfltk conftest.c  >&5
configure:7500: $? = 0
configure:7500: ./conftest
configure:7500: $? = 0
configure:7511: result: yes
configure:7524: checking for sys/types.h
configure:7524: gcc -c -ansi -W -Wall -pedantic -Wshadow -Wpointer-arith -Wmissing-prototypes -Wwrite-strings -D_XOPEN_SOURCE=500 -D_BSD_SOURCE -O2    conftest.c >&5
configure:7524: $? = 0
configure:7524: result: yes
configure:7524: checking for sys/stat.h
configure:7524: gcc -c -ansi -W -Wall -pedantic -Wshadow -Wpointer-arith -Wmissing-prototypes -Wwrite-strings -D_XOPEN_SOURCE=500 -D_BSD_SOURCE -O2    conftest.c >&5
configure:7524: $? = 0
configure:7524: result: yes
configure:7524: checking for stdlib.h
configure:7524: gcc -c -ansi -W -Wall -pedantic -Wshadow -Wpointer-arith -Wmissing-prototypes -Wwrite-strings -D_XOPEN_SOURCE=500 -D_BSD_SOURCE -O2    conftest.c >&5
configure:7524: $? = 0
configure:7524: result: yes
configure:7524: checking for string.h
configure:7524: gcc -c -ansi -W -Wall -pedantic -Wshadow -Wpointer-arith -Wmissing-prototypes -Wwrite-strings -D_XOPEN_SOURCE=500 -D_BSD_SOURCE -O2    conftest.c >&5
configure:7524: $? = 0
configure:7524: result: yes
configure:7524: checking for memory.h
configure:7524: gcc -c -ansi -W -Wall -pedantic -Wshadow -Wpointer-arith -Wmissing-prototypes -Wwrite-strings -D_XOPEN_SOURCE=500 -D_BSD_SOURCE -O2    conftest.c >&5
configure:7524: $? = 0
configure:7524: result: yes
configure:7524: checking for strings.h
configure:7524: gcc -c -ansi -W -Wall -pedantic -Wshadow -Wpointer-arith -Wmissing-prototypes -Wwrite-strings -D_XOPEN_SOURCE=500 -D_BSD_SOURCE -O2    conftest.c >&5
configure:7524: $? = 0
configure:7524: result: yes
configure:7524: checking for inttypes.h
configure:7524: gcc -c -ansi -W -Wall -pedantic -Wshadow -Wpointer-arith -Wmissing-prototypes -Wwrite-strings -D_XOPEN_SOURCE=500 -D_BSD_SOURCE -O2    conftest.c >&5
configure:7524: $? = 0
configure:7524: result: yes
configure:7524: checking for stdint.h
configure:7524: gcc -c -ansi -W -Wall -pedantic -Wshadow -Wpointer-arith -Wmissing-prototypes -Wwrite-strings -D_XOPEN_SOURCE=500 -D_BSD_SOURCE -O2    conftest.c >&5
configure:7524: $? = 0
configure:7524: result: yes
configure:7524: checking for unistd.h
configure:7524: gcc -c -ansi -W -Wall -pedantic -Wshadow -Wpointer-arith -Wmissing-prototypes -Wwrite-strings -D_XOPEN_SOURCE=500 -D_BSD_SOURCE -O2    conftest.c >&5
configure:7524: $? = 0
configure:7524: result: yes
configure:7538: checking dlfcn.h usability
configure:7538: gcc -c -ansi -W -Wall -pedantic -Wshadow -Wpointer-arith -Wmissing-prototypes -Wwrite-strings -D_XOPEN_SOURCE=500 -D_BSD_SOURCE -O2    conftest.c >&5
configure:7538: $? = 0
configure:7538: result: yes
configure:7538: checking dlfcn.h presence
configure:7538: gcc -E  conftest.c
configure:7538: $? = 0
configure:7538: result: yes
configure:7538: checking for dlfcn.h
configure:7538: result: yes
configure:7552: checking the maximum length of command line arguments
configure:7600: result: 32768
configure:7611: checking command to parse /usr/bin/nm -B output from gcc object
configure:7696: gcc -c -ansi -W -Wall -pedantic -Wshadow -Wpointer-arith -Wmissing-prototypes -Wwrite-strings -D_XOPEN_SOURCE=500 -D_BSD_SOURCE -O2    conftest.c >&5
conftest.c:5: warning: no previous prototype for 'nm_test_func'
configure:7699: $? = 0
configure:7703: /usr/bin/nm -B conftest.o \| sed -n -e 's/^.*[ 	]\([ABCDGISTW][ABCDGISTW]*\)[ 	][ 	]*\(\)\([_A-Za-z][_A-Za-z0-9]*\)$/\1 \2\3 \3/p' \> conftest.nm
configure:7706: $? = 0
configure:7758: gcc -o conftest -ansi -W -Wall -pedantic -Wshadow -Wpointer-arith -Wmissing-prototypes -Wwrite-strings -D_XOPEN_SOURCE=500 -D_BSD_SOURCE -O2    -lfltk conftest.c conftstm.o >&5
configure:7761: $? = 0
configure:7799: result: ok
configure:7803: checking for objdir
configure:7818: result: .libs
configure:7910: checking for ranlib
configure:7926: found /usr/bin/ranlib
configure:7937: result: ranlib
configure:8002: checking for strip
configure:8018: found /usr/bin/strip
configure:8029: result: strip
configure:8302: checking if gcc static flag  works
conftest.c:1: warning: return type defaults to `int'
configure:8325: result: no
configure:8346: checking if gcc supports -fno-rtti -fno-exceptions
cc1: warning: command line option "-fno-rtti" is valid for C++/ObjC++ but not for C
cc1: warning: command line option "-fno-rtti" is valid for C++/ObjC++ but not for C
configure:8370: result: no
configure:8385: checking for gcc option to produce PIC
configure:8538: result: -fPIC
configure:8545: checking if gcc PIC flag -fPIC works
configure:8569: result: yes
configure:8593: checking if gcc supports -c -o file.o
configure:8634: result: yes
configure:8660: checking whether the gcc linker (/usr/bin/ld) supports shared libraries
configure:9405: result: yes
configure:9427: checking whether -lc should be explicitly linked in
configure:9432: gcc -c -ansi -W -Wall -pedantic -Wshadow -Wpointer-arith -Wmissing-prototypes -Wwrite-strings -D_XOPEN_SOURCE=500 -D_BSD_SOURCE -O2    conftest.c >&5
conftest.c:1: warning: 'dummy' defined but not used
configure:9435: $? = 0
configure:9449: gcc -shared conftest.o  -v -Wl,-soname -Wl,conftest -o conftest 2\>\&1 \| grep  -lc  \>/dev/null 2\>\&1
configure:9452: $? = 0
configure:9464: result: no
configure:9470: checking how to hardcode library paths into programs
configure:9494: result: immediate
configure:9508: checking whether stripping libraries is possible
configure:9513: result: yes
configure:9520: checking dynamic linker characteristics
configure:9971: result: GNU/Linux ld.so
configure:10410: checking if libtool supports shared libraries
configure:10412: result: yes
configure:10415: checking whether to build shared libraries
configure:10436: result: yes
configure:10439: checking whether to build static libraries
configure:10443: result: no
configure:10522: creating libtool
configure:11243: checking whether the g++-3.4 linker (/usr/bin/ld) supports shared libraries
configure:11860: result: yes
configure:11877: g++-3.4 -c -Wnon-virtual-dtor -Wno-long-long -Wundef -Wall -pedantic -W -Wpointer-arith -Wmissing-prototypes -Wwrite-strings -ansi -D_XOPEN_SOURCE=500 -D_BSD_SOURCE -Wcast-align -Wconversion   conftest.cc >&5
cc1plus: warning: command line option "-Wmissing-prototypes" is valid for C/ObjC/Pascal but not for C++
configure:11880: $? = 0
configure:11984: checking for g++-3.4 option to produce PIC
configure:12220: result: 
configure:12275: checking if g++-3.4 supports -c -o file.o
cc1plus: warning: command line option "-Wmissing-prototypes" is valid for C/ObjC/Pascal but not for C++
configure:12316: result: no
configure:12342: checking whether the g++-3.4 linker (/usr/bin/ld) supports shared libraries
configure:12364: result: yes
configure:12429: checking how to hardcode library paths into programs
configure:12453: result: immediate
configure:12467: checking whether stripping libraries is possible
configure:12472: result: yes
configure:12479: checking dynamic linker characteristics
configure:12930: result: GNU/Linux ld.so
configure:13788: checking if gcj supports -fno-rtti -fno-exceptions
configure:13812: result: no
configure:13827: checking for gcj option to produce PIC
configure:13980: result: -fPIC
configure:13987: checking if gcj PIC flag -fPIC works
configure:14011: result: no
configure:14035: checking if gcj supports -c -o file.o
configure:14076: result: no
configure:14102: checking whether the gcj linker (/usr/bin/ld) supports shared libraries
configure:14847: result: no
configure:14912: checking how to hardcode library paths into programs
configure:14936: result: immediate
configure:14950: checking whether stripping libraries is possible
configure:14955: result: yes
configure:14962: checking dynamic linker characteristics
configure:15413: result: GNU/Linux ld.so
configure:16738: checking for extra includes
configure:16766: result: no
configure:16770: checking for extra libs
configure:16799: result: no
configure:16830: checking if fltkclient should be compiled
configure:16842: result: yes
configure:17001: creating ./config.status

## ---------------------- ##
## Running config.status. ##
## ---------------------- ##

This file was extended by config.status, which was
generated by GNU Autoconf 2.68.  Invocation command line was

  CONFIG_FILES    = 
  CONFIG_HEADERS  = 
  CONFIG_LINKS    = 
  CONFIG_COMMANDS = 
  $ ./config.status 

on cnfi01

config.status:909: creating Makefile
config.status:909: creating fltkclient/Makefile
config.status:909: creating fltkclient/docs/Makefile
config.status:1017: WARNING:  'fltkclient/docs/Makefile.in' seems to ignore the --datarootdir setting
config.status:909: creating fltkclient/docs/en/Makefile
config.status:1017: WARNING:  'fltkclient/docs/en/Makefile.in' seems to ignore the --datarootdir setting
config.status:909: creating config.h
config.status:1090: config.h is unchanged
config.status:1138: executing depfiles commands

## ---------------- ##
## Cache variables. ##
## ---------------- ##

ac_cv_build=i686-pc-linux-gnu
ac_cv_c_compiler_gnu=yes
ac_cv_cxx_compiler_gnu=no
ac_cv_env_CCC_set=
ac_cv_env_CCC_value=
ac_cv_env_CC_set=
ac_cv_env_CC_value=
ac_cv_env_CFLAGS_set=
ac_cv_env_CFLAGS_value=
ac_cv_env_CPPFLAGS_set=
ac_cv_env_CPPFLAGS_value=
ac_cv_env_CPP_set=
ac_cv_env_CPP_value=
ac_cv_env_CXXCPP_set=
ac_cv_env_CXXCPP_value=
ac_cv_env_CXXFLAGS_set=
ac_cv_env_CXXFLAGS_value=
ac_cv_env_CXX_set=set
ac_cv_env_CXX_value=g++-3.4
ac_cv_env_LDFLAGS_set=set
ac_cv_env_LDFLAGS_value=-lfltk
ac_cv_env_LIBS_set=
ac_cv_env_LIBS_value=
ac_cv_env_build_alias_set=
ac_cv_env_build_alias_value=
ac_cv_env_host_alias_set=
ac_cv_env_host_alias_value=
ac_cv_env_target_alias_set=
ac_cv_env_target_alias_value=
ac_cv_header_dlfcn_h=yes
ac_cv_header_inttypes_h=yes
ac_cv_header_memory_h=yes
ac_cv_header_stdc=yes
ac_cv_header_stdint_h=yes
ac_cv_header_stdlib_h=yes
ac_cv_header_string_h=yes
ac_cv_header_strings_h=yes
ac_cv_header_sys_stat_h=yes
ac_cv_header_sys_types_h=yes
ac_cv_header_unistd_h=yes
ac_cv_host=i686-pc-linux-gnu
ac_cv_objext=o
ac_cv_path_EGREP='/bin/grep -E'
ac_cv_path_GREP=/bin/grep
ac_cv_path_install='/usr/bin/install -c'
ac_cv_path_mkdir=/bin/mkdir
ac_cv_prog_AWK=mawk
ac_cv_prog_CPP='gcc -E'
ac_cv_prog_CXXCPP='g++-3.4 -E'
ac_cv_prog_ac_ct_CC=gcc
ac_cv_prog_ac_ct_RANLIB=ranlib
ac_cv_prog_ac_ct_STRIP=strip
ac_cv_prog_cc_c89=
ac_cv_prog_cc_g=yes
ac_cv_prog_cxx_g=no
ac_cv_prog_make_make_set=yes
ac_cv_target=i686-pc-linux-gnu
am_cv_CC_dependencies_compiler_type=gcc3
am_cv_CXX_dependencies_compiler_type=gcc3
kde_cv_prog_cxx_Wno_long_long=yes
kde_cv_prog_cxx_Wnon_virtual_dtor=yes
kde_cv_prog_cxx_Wundef=yes
kde_cv_prog_cxx_frepo=yes
lt_cv_deplibs_check_method=pass_all
lt_cv_file_magic_cmd='$MAGIC_CMD'
lt_cv_file_magic_test_file='/lib/libc.so* /lib/libc-*.so'
lt_cv_ld_reload_flag=-r
lt_cv_objdir=.libs
lt_cv_path_LD=/usr/bin/ld
lt_cv_path_NM='/usr/bin/nm -B'
lt_cv_path_SED=/bin/sed
lt_cv_prog_compiler_c_o=yes
lt_cv_prog_compiler_c_o_CXX=no
lt_cv_prog_compiler_c_o_GCJ=no
lt_cv_prog_compiler_rtti_exceptions=no
lt_cv_prog_gnu_ld=yes
lt_cv_sys_global_symbol_pipe='sed -n -e '\''s/^.*[ 	]\([ABCDGISTW][ABCDGISTW]*\)[ 	][ 	]*\(\)\([_A-Za-z][_A-Za-z0-9]*\)$/\1 \2\3 \3/p'\'''
lt_cv_sys_global_symbol_to_c_name_address='sed -n -e '\''s/^: \([^ ]*\) $/  {\"\1\", (lt_ptr) 0},/p'\'' -e '\''s/^[BCDEGRST] \([^ ]*\) \([^ ]*\)$/  {"\2", (lt_ptr) \&\2},/p'\'''
lt_cv_sys_global_symbol_to_cdecl='sed -n -e '\''s/^. .* \(.*\)$/extern int \1;/p'\'''
lt_cv_sys_max_cmd_len=32768
lt_lt_cv_prog_compiler_c_o='"yes"'
lt_lt_cv_prog_compiler_c_o_CXX='"no"'
lt_lt_cv_prog_compiler_c_o_GCJ='"no"'
lt_lt_cv_sys_global_symbol_pipe='"sed -n -e '\''s/^.*[ 	]\\([ABCDGISTW][ABCDGISTW]*\\)[ 	][ 	]*\\(\\)\\([_A-Za-z][_A-Za-z0-9]*\\)\$/\\1 \\2\\3 \\3/p'\''"'
lt_lt_cv_sys_global_symbol_to_c_name_address='"sed -n -e '\''s/^: \\([^ ]*\\) \$/  {\\\"\\1\\\", (lt_ptr) 0},/p'\'' -e '\''s/^[BCDEGRST] \\([^ ]*\\) \\([^ ]*\\)\$/  {\"\\2\", (lt_ptr) \\&\\2},/p'\''"'
lt_lt_cv_sys_global_symbol_to_cdecl='"sed -n -e '\''s/^. .* \\(.*\\)\$/extern int \\1;/p'\''"'

## ----------------- ##
## Output variables. ##
## ----------------- ##

ACLOCAL='${SHELL} /home/airglow/SourceCode/PICASSO/fltkclient/admin/missing --run aclocal-1.11'
AMDEPBACKSLASH='\'
AMDEP_FALSE='#'
AMDEP_TRUE=''
AMTAR='$${TAR-tar}'
AUTOCONF='${SHELL} /home/airglow/SourceCode/PICASSO/fltkclient/admin/missing --run autoconf'
AUTODIRS=''
AUTOHEADER='${SHELL} /home/airglow/SourceCode/PICASSO/fltkclient/admin/missing --run autoheader'
AUTOMAKE='${SHELL} /home/airglow/SourceCode/PICASSO/fltkclient/admin/missing --run automake-1.11'
AWK='mawk'
CC='gcc'
CCDEPMODE='depmode=gcc3'
CFLAGS='-ansi -W -Wall -pedantic -Wshadow -Wpointer-arith -Wmissing-prototypes -Wwrite-strings -D_XOPEN_SOURCE=500 -D_BSD_SOURCE -O2  '
CONF_FILES=' $(top_srcdir)/configure.in.in'
CPP='gcc -E'
CPPFLAGS=''
CXX='g++-3.4'
CXXCPP='g++-3.4 -E'
CXXDEPMODE='depmode=gcc3'
CXXFLAGS='-Wnon-virtual-dtor -Wno-long-long -Wundef -Wall -pedantic -W -Wpointer-arith -Wmissing-prototypes -Wwrite-strings -ansi -D_XOPEN_SOURCE=500 -D_BSD_SOURCE -Wcast-align -Wconversion '
CYGPATH_W='echo'
DEFS='-DHAVE_CONFIG_H'
DEPDIR='.deps'
ECHO='echo'
ECHO_C=''
ECHO_N='-n'
ECHO_T=''
EGREP='/bin/grep -E'
EXEEXT=''
GREP='/bin/grep'
INSTALL_DATA='${INSTALL} -m 644'
INSTALL_PROGRAM='${INSTALL} $(INSTALL_STRIP_FLAG)'
INSTALL_SCRIPT='${INSTALL}'
INSTALL_STRIP_PROGRAM='$(install_sh) -c -s'
KDE_PLUGIN='-avoid-version -module -no-undefined $(KDE_RPATH) $(KDE_MT_LDFLAGS)'
KDE_USE_CLOSURE_FALSE='#'
KDE_USE_CLOSURE_TRUE=''
KDE_USE_FINAL_FALSE=''
KDE_USE_FINAL_TRUE='#'
LDFLAGS='-lfltk'
LIBOBJS=''
LIBS=''
LIBTOOL='$(SHELL) $(top_builddir)/libtool --silent'
LN_S='ln -s'
LTLIBOBJS=''
MAKEINFO='${SHELL} /home/airglow/SourceCode/PICASSO/fltkclient/admin/missing --run makeinfo'
MKDIR_P='/bin/mkdir -p'
NOOPT_CFLAGS='-O0'
NOOPT_CXXFLAGS='-O0'
NOREPO='-fno-repo'
OBJEXT='o'
PACKAGE='fltkclient'
PACKAGE_BUGREPORT=''
PACKAGE_NAME=''
PACKAGE_STRING=''
PACKAGE_TARNAME=''
PACKAGE_URL=''
PACKAGE_VERSION=''
PATH_SEPARATOR=':'
RANLIB='ranlib'
REPO='-frepo'
SET_MAKE=''
SHELL='/bin/bash'
STRIP='strip'
TOPSUBDIRS=' fltkclient'
USER_INCLUDES=''
USER_LDFLAGS=''
USE_EXCEPTIONS=''
USE_RTTI=''
VERSION='0.1'
WOVERLOADED_VIRTUAL=''
ac_ct_CC='gcc'
ac_ct_CXX=''
all_includes=' '
all_libraries=' '
am__EXEEXT_FALSE=''
am__EXEEXT_TRUE='#'
am__fastdepCC_FALSE='#'
am__fastdepCC_TRUE=''
am__fastdepCXX_FALSE='#'
am__fastdepCXX_TRUE=''
am__include='include'
am__isrc=''
am__leading_dot='.'
am__nodep='_no'
am__quote=''
am__tar='$${TAR-tar} chof - "$$tardir"'
am__untar='$${TAR-tar} xf -'
bindir='${exec_prefix}/bin'
build='i686-pc-linux-gnu'
build_alias=''
build_cpu='i686'
build_os='linux-gnu'
build_vendor='pc'
datadir='${datarootdir}'
datarootdir='${prefix}/share'
docdir='${datarootdir}/doc/${PACKAGE}'
dvidir='${docdir}'
exec_prefix='${prefix}'
host='i686-pc-linux-gnu'
host_alias=''
host_cpu='i686'
host_os='linux-gnu'
host_vendor='pc'
htmldir='${docdir}'
includedir='${prefix}/include'
infodir='${datarootdir}/info'
install_sh='${SHELL} /home/airglow/SourceCode/PICASSO/fltkclient/admin/install-sh'
libdir='${exec_prefix}/lib'
libexecdir='${exec_prefix}/libexec'
localedir='${datarootdir}/locale'
localstatedir='${prefix}/var'
mandir='${datarootdir}/man'
mkdir_p='/bin/mkdir -p'
oldincludedir='/usr/include'
pdfdir='${docdir}'
prefix='/usr'
program_transform_name='s,x,x,'
psdir='${docdir}'
sbindir='${exec_prefix}/sbin'
sharedstatedir='${prefix}/com'
sysconfdir='${prefix}/etc'
target='i686-pc-linux-gnu'
target_alias=''
target_cpu='i686'
target_os='linux-gnu'
target_vendor='pc'

## ----------- ##
## confdefs.h. ##
## ----------- ##

/* confdefs.h */
#define PACKAGE_NAME ""
#define PACKAGE_TARNAME ""
#define PACKAGE_VERSION ""
#define PACKAGE_STRING ""
#define PACKAGE_BUGREPORT ""
#define PACKAGE_URL ""
#define PACKAGE "fltkclient"
#define VERSION "0.1"
#define HAVE_TEMPLATE_REPOSITORY 1
#define KDELIBSUFF ""
#define STDC_HEADERS 1
#define HAVE_SYS_TYPES_H 1
#define HAVE_SYS_STAT_H 1
#define HAVE_STDLIB_H 1
#define HAVE_STRING_H 1
#define HAVE_MEMORY_H 1
#define HAVE_STRINGS_H 1
#define HAVE_INTTYPES_H 1
#define HAVE_STDINT_H 1
#define HAVE_UNISTD_H 1
#define HAVE_DLFCN_H 1

configure: exit 0
