This file contains any messages produced by compilers while
running configure, to aid debugging if configure makes a mistake.

It was created by configure, which was
generated by GNU Autoconf 2.68.  Invocation command line was

  $ ./configure 

## --------- ##
## Platform. ##
## --------- ##

hostname = cnfi01
uname -m = i686
uname -r = 3.13.0-32-generic
uname -s = Linux
uname -v = #57~precise1-Ubuntu SMP Tue Jul 15 03:50:54 UTC 2014

/usr/bin/uname -p = unknown
/bin/uname -X     = unknown

/bin/arch              = unknown
/usr/bin/arch -k       = unknown
/usr/convex/getsysinfo = unknown
/usr/bin/hostinfo      = unknown
/bin/machine           = unknown
/usr/bin/oslevel       = unknown
/bin/universe          = unknown

PATH: /usr/lib/lightdm/lightdm
PATH: /usr/local/sbin
PATH: /usr/local/bin
PATH: /usr/sbin
PATH: /usr/bin
PATH: /sbin
PATH: /bin
PATH: /usr/games


## ----------- ##
## Core tests. ##
## ----------- ##

configure:1801: checking for a BSD-compatible install
configure:1869: result: /usr/bin/install -c
configure:1880: checking whether build environment is sane
configure:1917: result: yes
configure:1942: checking for a thread-safe mkdir -p
configure:1981: result: /bin/mkdir -p
configure:1994: checking for gawk
configure:2024: result: no
configure:1994: checking for mawk
configure:2010: found /usr/bin/mawk
configure:2021: result: mawk
configure:2032: checking whether make sets $(MAKE)
configure:2054: result: yes
configure:2301: checking for g++
configure:2317: found /usr/bin/g++
configure:2328: result: g++
configure:2355: checking for C++ compiler version
configure:2364: g++ --version >&5
g++ (GCC) 3.4.6 (Debian 3.4.6-5)
Copyright (C) 2006 Free Software Foundation, Inc.
This is free software; see the source for copying conditions.  There is NO
warranty; not even for MERCHANTABILITY or FITNESS FOR A PARTICULAR PURPOSE.

configure:2375: $? = 0
configure:2364: g++ -v >&5
Reading specs from /usr/lib/gcc/i486-linux-gnu/3.4.6/specs
Configured with: ../src/configure -v --enable-languages=c,c++,f77,pascal --prefix=/usr --libexecdir=/usr/lib --with-gxx-include-dir=/usr/include/c++/3.4 --enable-shared --with-system-zlib --enable-nls --without-included-gettext --program-suffix=-3.4 --enable-__cxa_atexit --enable-clocale=gnu --enable-libstdcxx-debug --with-tune=i686 i486-linux-gnu
Thread model: posix
gcc version 3.4.6 (Debian 3.4.6-5)
configure:2375: $? = 0
configure:2364: g++ -V >&5
g++: `-V' option must have argument
configure:2375: $? = 1
configure:2364: g++ -qversion >&5
g++: unrecognized option `-qversion'
g++: no input files
configure:2375: $? = 1
configure:2395: checking whether the C++ compiler works
configure:2417: g++    conftest.cpp  >&5
configure:2421: $? = 0
configure:2469: result: yes
configure:2472: checking for C++ compiler default output file name
configure:2474: result: a.out
configure:2480: checking for suffix of executables
configure:2487: g++ -o conftest    conftest.cpp  >&5
configure:2491: $? = 0
configure:2513: result: 
configure:2535: checking whether we are cross compiling
configure:2543: g++ -o conftest    conftest.cpp  >&5
configure:2547: $? = 0
configure:2554: ./conftest
configure:2558: $? = 0
configure:2573: result: no
configure:2578: checking for suffix of object files
configure:2600: g++ -c   conftest.cpp >&5
configure:2604: $? = 0
configure:2625: result: o
configure:2629: checking whether we are using the GNU C++ compiler
configure:2648: g++ -c   conftest.cpp >&5
configure:2648: $? = 0
configure:2657: result: yes
configure:2666: checking whether g++ accepts -g
configure:2686: g++ -c -g  conftest.cpp >&5
configure:2686: $? = 0
configure:2727: result: yes
configure:2761: checking for style of include used by make
configure:2789: result: GNU
configure:2814: checking dependency style of g++
configure:2905: result: gcc3
configure:3046: creating ./config.status

## ---------------------- ##
## Running config.status. ##
## ---------------------- ##

This file was extended by config.status, which was
generated by GNU Autoconf 2.68.  Invocation command line was

  CONFIG_FILES    = 
  CONFIG_HEADERS  = 
  CONFIG_LINKS    = 
  CONFIG_COMMANDS = 
  $ ./config.status 

on cnfi01

config.status:845: creating Makefile
config.status:845: creating src/Makefile
config.status:845: creating config.h
config.status:1026: config.h is unchanged
config.status:1074: executing depfiles commands

## ---------------- ##
## Cache variables. ##
## ---------------- ##

ac_cv_cxx_compiler_gnu=yes
ac_cv_env_CCC_set=
ac_cv_env_CCC_value=
ac_cv_env_CPPFLAGS_set=
ac_cv_env_CPPFLAGS_value=
ac_cv_env_CXXFLAGS_set=
ac_cv_env_CXXFLAGS_value=
ac_cv_env_CXX_set=
ac_cv_env_CXX_value=
ac_cv_env_LDFLAGS_set=
ac_cv_env_LDFLAGS_value=
ac_cv_env_LIBS_set=
ac_cv_env_LIBS_value=
ac_cv_env_build_alias_set=
ac_cv_env_build_alias_value=
ac_cv_env_host_alias_set=
ac_cv_env_host_alias_value=
ac_cv_env_target_alias_set=
ac_cv_env_target_alias_value=
ac_cv_objext=o
ac_cv_path_install='/usr/bin/install -c'
ac_cv_path_mkdir=/bin/mkdir
ac_cv_prog_AWK=mawk
ac_cv_prog_ac_ct_CXX=g++
ac_cv_prog_cxx_g=yes
ac_cv_prog_make_make_set=yes
am_cv_CXX_dependencies_compiler_type=gcc3

## ----------------- ##
## Output variables. ##
## ----------------- ##

ACLOCAL='${SHELL} /home/airglow/SourceCode/PICASSO/cdas/missing --run aclocal-1.10'
AMDEPBACKSLASH='\'
AMDEP_FALSE='#'
AMDEP_TRUE=''
AMTAR='${SHELL} /home/airglow/SourceCode/PICASSO/cdas/missing --run tar'
AUTOCONF='${SHELL} /home/airglow/SourceCode/PICASSO/cdas/missing --run autoconf'
AUTOHEADER='${SHELL} /home/airglow/SourceCode/PICASSO/cdas/missing --run autoheader'
AUTOMAKE='${SHELL} /home/airglow/SourceCode/PICASSO/cdas/missing --run automake-1.10'
AWK='mawk'
CPPFLAGS=''
CXX='g++'
CXXDEPMODE='depmode=gcc3'
CXXFLAGS='-g -O2'
CYGPATH_W='echo'
DEFS='-DHAVE_CONFIG_H'
DEPDIR='.deps'
ECHO_C=''
ECHO_N='-n'
ECHO_T=''
EXEEXT=''
INSTALL_DATA='${INSTALL} -m 644'
INSTALL_PROGRAM='${INSTALL}'
INSTALL_SCRIPT='${INSTALL}'
INSTALL_STRIP_PROGRAM='$(install_sh) -c -s'
LDFLAGS=''
LIBOBJS=''
LIBS=''
LTLIBOBJS=''
MAKEINFO='${SHELL} /home/airglow/SourceCode/PICASSO/cdas/missing --run makeinfo'
MKDIR_P='/bin/mkdir -p'
OBJEXT='o'
PACKAGE='cdas'
PACKAGE_BUGREPORT=''
PACKAGE_NAME=''
PACKAGE_STRING=''
PACKAGE_TARNAME=''
PACKAGE_URL=''
PACKAGE_VERSION=''
PATH_SEPARATOR=':'
SET_MAKE=''
SHELL='/bin/bash'
STRIP=''
VERSION='1.5'
ac_ct_CXX='g++'
am__fastdepCXX_FALSE='#'
am__fastdepCXX_TRUE=''
am__include='include'
am__isrc=''
am__leading_dot='.'
am__quote=''
am__tar='${AMTAR} chof - "$$tardir"'
am__untar='${AMTAR} xf -'
bindir='${exec_prefix}/bin'
build_alias=''
datadir='${datarootdir}'
datarootdir='${prefix}/share'
docdir='${datarootdir}/doc/${PACKAGE}'
dvidir='${docdir}'
exec_prefix='${prefix}'
host_alias=''
htmldir='${docdir}'
includedir='${prefix}/include'
infodir='${datarootdir}/info'
install_sh='$(SHELL) /home/airglow/SourceCode/PICASSO/cdas/install-sh'
libdir='${exec_prefix}/lib'
libexecdir='${exec_prefix}/libexec'
localedir='${datarootdir}/locale'
localstatedir='${prefix}/var'
mandir='${datarootdir}/man'
mkdir_p='/bin/mkdir -p'
oldincludedir='/usr/include'
pdfdir='${docdir}'
prefix='/usr/local'
program_transform_name='s,x,x,'
psdir='${docdir}'
sbindir='${exec_prefix}/sbin'
sharedstatedir='${prefix}/com'
sysconfdir='${prefix}/etc'
target_alias=''

## ----------- ##
## confdefs.h. ##
## ----------- ##

/* confdefs.h */
#define PACKAGE_NAME ""
#define PACKAGE_TARNAME ""
#define PACKAGE_VERSION ""
#define PACKAGE_STRING ""
#define PACKAGE_BUGREPORT ""
#define PACKAGE_URL ""
#define PACKAGE "cdas"
#define VERSION "1.5"

configure: exit 0
